<?xml version="1.0" encoding="UTF-8"?>
<!-- Generated by org.testng.reporters.JUnitXMLReporter -->
<testsuite hostname="MacBook-Pro.local" failures="0" tests="3" name="testGuru" time="21.228" errors="0" timestamp="12 Jun 2020 14:43:10 GMT">
  <testcase classname="MultipleSession" name="executSessionOne" time="8.276"/>
  <testcase classname="MultipleSession" name="executSessionThree" time="11.807"/>
  <testcase classname="MultipleSession" name="executeSessionTwo" time="21.215"/>
</testsuite> <!-- testGuru -->
