<?xml version="1.0" encoding="UTF-8"?>
<testsuite xmlns:xsi="http://www.w3.org/2001/XMLSchema-instance" xsi:noNamespaceSchemaLocation="https://maven.apache.org/surefire/maven-surefire-plugin/xsd/surefire-test-report.xsd" name="TestSuite" time="21.453" tests="3" errors="0" skipped="0" failures="0">
  <properties>
[...]
</properties>
  <testcase name="executSessionOne" classname="MultipleSession" time="8.276"/>
  <testcase name="executSessionThree" classname="MultipleSession" time="11.807"/>
  <testcase name="executeSessionTwo" classname="MultipleSession" time="21.214"/>
</testsuite>