<?xml version="1.0" encoding="UTF-8"?>
<testng-results total="3" passed="3" failed="0" skipped="0">
  <reporter-output>
  </reporter-output>
  <suite started-at="2020-06-12T14:42:49Z" name="TestSuite" finished-at="2020-06-12T14:43:10Z" duration-ms="21228">
    <groups>
    </groups>
    <test started-at="2020-06-12T14:42:49Z" name="testGuru" finished-at="2020-06-12T14:43:10Z" duration-ms="21228">
      <class name="MultipleSession">
        <test-method signature="executSessionOne()[pri:0, instance:MultipleSession@24b1d79b]" started-at="2020-06-12T16:42:49Z" name="executSessionOne" finished-at="2020-06-12T16:42:57Z" duration-ms="8276" status="PASS">
          <reporter-output>
          </reporter-output>
        </test-method> <!-- executSessionOne -->
        <test-method signature="executSessionThree()[pri:0, instance:MultipleSession@24b1d79b]" started-at="2020-06-12T16:42:49Z" name="executSessionThree" finished-at="2020-06-12T16:43:00Z" duration-ms="11807" status="PASS">
          <reporter-output>
          </reporter-output>
        </test-method> <!-- executSessionThree -->
        <test-method signature="executeSessionTwo()[pri:0, instance:MultipleSession@24b1d79b]" started-at="2020-06-12T16:42:49Z" name="executeSessionTwo" finished-at="2020-06-12T16:43:10Z" duration-ms="21215" status="PASS">
          <reporter-output>
          </reporter-output>
        </test-method> <!-- executeSessionTwo -->
      </class> <!-- MultipleSession -->
    </test> <!-- testGuru -->
  </suite> <!-- TestSuite -->
</testng-results>
