<?xml version="1.0" encoding="UTF-8"?>
<testsuite xmlns:xsi="http://www.w3.org/2001/XMLSchema-instance" xsi:noNamespaceSchemaLocation="https://maven.apache.org/surefire/maven-surefire-plugin/xsd/surefire-test-report.xsd" name="MultipleSession" time="23.586" tests="3" errors="0" skipped="0" failures="0">
  <properties>
[...]
</properties>
  <testcase name="executSessionOne" classname="MultipleSession" time="3.935"/>
  <testcase name="executSessionThree" classname="MultipleSession" time="3.812"/>
  <testcase name="executeSessionTwo" classname="MultipleSession" time="15.654"/>
</testsuite>